<?xml version="1.0" encoding="UTF-8"?>
<testng-results ignored="0" total="1" passed="1" failed="0" skipped="0">
  <reporter-output>
  </reporter-output>
  <suite started-at="2024-09-13T19:09:13 IST" name="Default suite" finished-at="2024-09-13T19:09:22 IST" duration-ms="8763">
    <groups>
    </groups>
    <test started-at="2024-09-13T19:09:13 IST" name="Default test" finished-at="2024-09-13T19:09:22 IST" duration-ms="8763">
      <class name="bdd.Robo">
        <test-method signature="start()[pri:0, instance:bdd.Robo@662ac478]" started-at="2024-09-13T19:09:13 IST" name="start" finished-at="2024-09-13T19:09:22 IST" duration-ms="8684" status="PASS">
          <reporter-output>
          </reporter-output>
        </test-method> <!-- start -->
      </class> <!-- bdd.Robo -->
    </test> <!-- Default test -->
  </suite> <!-- Default suite -->
</testng-results>
